2025-04-01 08:24:35,058 - INFO - Logging initialized. Log file: /workspace/Adversarial-Attacks-on-Medical-Images-Classifiers/models/tiny_resnet/logs/adversarial_training.log/tiny_resnet_20250401_082435.log
2025-04-01 08:24:35,058 - INFO - Starting TinyResNet classifier with adversarial training
2025-04-01 08:24:35,058 - INFO - Configuration:
2025-04-01 08:24:35,059 - INFO -   - Epochs: 20
2025-04-01 08:24:35,059 - INFO -   - Batch size: 4096
2025-04-01 08:24:35,059 - INFO -   - Learning rate: 0.0001
2025-04-01 08:24:35,059 - INFO -   - Weight decay: 1e-05
2025-04-01 08:24:35,059 - INFO -   - Validation ratio: 0.2
2025-04-01 08:24:35,059 - INFO -   - Number of blocks per layer: 1
2025-04-01 08:24:35,059 - INFO -   - FGSM epsilon: 0.05
2025-04-01 08:24:35,059 - INFO -   - Mix ratio: 0.5
2025-04-01 08:24:35,059 - INFO - 
Loading datasets from data/
2025-04-01 08:24:36,343 - INFO - Training set size: 222019
2025-04-01 08:24:36,343 - INFO - Validation set size: 55505
2025-04-01 08:24:36,343 - INFO - 
Initializing TinyResNet model
2025-04-01 08:24:36,382 - INFO - Model parameters: 199,442 (0.20M)
2025-04-01 08:24:36,382 - INFO - Using device: cuda
2025-04-01 08:24:36,382 - INFO - 
Starting model training with adversarial examples
2025-04-01 08:25:44,945 - INFO - Model parameters: 199,442 (0.20M)
2025-04-01 08:25:44,946 - INFO - Training with adversarial examples (FGSM, epsilon=0.05, mix_ratio=0.5)
2025-04-01 08:25:44,946 - INFO - Batch size: 4096, initial learning rate: 0.0001, epochs: 20
2025-04-01 08:25:44,946 - INFO - Class weights: [0.6982520222663879, 1.761021375656128]
2025-04-01 08:25:44,946 - INFO - Early stopping enabled with patience: 5
