2025-03-22 23:41:14,760 - INFO - Logging initialized. Log file: /Users/noeflandre/Documents/[03] School/École d'ingénieur/3A/IIT Bombay/Courses/Medical Image Computing/Project/Adversarial-Attacks-on-Medical-Images-Classifiers/models/logistic_classifier/logs/logistic_classifier_20250322_234114.log
2025-03-22 23:41:14,760 - INFO - Starting Logistic Regression classifier training and evaluation
2025-03-22 23:41:14,761 - INFO - Configuration:
2025-03-22 23:41:14,761 - INFO -   - Epochs: 10
2025-03-22 23:41:14,761 - INFO -   - Batch size: 1024
2025-03-22 23:41:14,761 - INFO -   - Learning rate: 1e-05
2025-03-22 23:41:14,761 - INFO -   - Weight decay: 1e-05
2025-03-22 23:41:14,761 - INFO -   - Validation ratio: 0.2
2025-03-22 23:41:14,761 - INFO - 
Loading datasets from data/
2025-03-22 23:41:17,000 - INFO - Training set size: 222019
2025-03-22 23:41:17,000 - INFO - Validation set size: 55505
2025-03-22 23:41:17,000 - INFO - 
Initializing Logistic Regression model
2025-03-22 23:41:17,025 - INFO - Using device: mps
2025-03-22 23:41:17,025 - INFO - 
Starting model training
2025-03-22 23:42:36,706 - INFO - Training with batch size: 1024, initial learning rate: 1e-05, epochs: 10
2025-03-22 23:42:36,707 - INFO - Class weights: [0.6980544328689575, 1.7622793912887573]
2025-03-22 23:43:29,822 - INFO - [Epoch 1/10] Loss: 0.5996
2025-03-22 23:44:19,622 - INFO - [Epoch 2/10] Loss: 0.5597
2025-03-22 23:45:10,523 - INFO - [Epoch 3/10] Loss: 0.5503
2025-03-22 23:46:08,251 - INFO - [Epoch 4/10] Loss: 0.5439
2025-03-22 23:47:07,248 - INFO - Reducing learning rate to 8.00e-06
2025-03-22 23:47:07,250 - INFO - [Epoch 5/10] Loss: 0.5394
2025-03-22 23:48:04,282 - INFO - Reducing learning rate to 6.40e-06
2025-03-22 23:48:04,283 - INFO - [Epoch 6/10] Loss: 0.5360
2025-03-22 23:49:01,871 - INFO - Reducing learning rate to 5.12e-06
2025-03-22 23:49:01,877 - INFO - [Epoch 7/10] Loss: 0.5317
2025-03-22 23:50:03,029 - INFO - Reducing learning rate to 4.10e-06
2025-03-22 23:50:03,032 - INFO - [Epoch 8/10] Loss: 0.5291
2025-03-22 23:51:00,219 - INFO - Reducing learning rate to 3.28e-06
2025-03-22 23:51:00,220 - INFO - [Epoch 9/10] Loss: 0.5286
2025-03-22 23:51:55,575 - INFO - Reducing learning rate to 2.62e-06
2025-03-22 23:51:55,577 - INFO - [Epoch 10/10] Loss: 0.5277
2025-03-22 23:51:55,890 - INFO - Saved training loss plot to /Users/noeflandre/Documents/[03] School/École d'ingénieur/3A/IIT Bombay/Courses/Medical Image Computing/Project/Adversarial-Attacks-on-Medical-Images-Classifiers/models/logistic_classifier/results/training_loss.png
2025-03-22 23:51:55,890 - INFO - 
Starting model evaluation on validation set
2025-03-22 23:51:55,890 - INFO - Evaluating model with batch size: 1024
2025-03-22 23:52:26,723 - INFO - Evaluation results:
2025-03-22 23:52:26,726 - INFO -   - Accuracy: 0.7809
2025-03-22 23:52:26,726 - INFO -   - Balanced Accuracy: 0.7825
2025-03-22 23:52:26,726 - INFO -   - Precision: 0.5857
2025-03-22 23:52:26,726 - INFO -   - Recall: 0.7862
2025-03-22 23:52:26,726 - INFO -   - Specificity: 0.7788
2025-03-22 23:52:26,726 - INFO -   - F1 Score: 0.6713
2025-03-22 23:52:26,726 - INFO -   - AUC: 0.8535
2025-03-22 23:52:26,726 - INFO -   - Confusion Matrix: 
[[30927  8784]
 [ 3377 12417]]
2025-03-22 23:52:26,728 - INFO - Saved metrics to /Users/noeflandre/Documents/[03] School/École d'ingénieur/3A/IIT Bombay/Courses/Medical Image Computing/Project/Adversarial-Attacks-on-Medical-Images-Classifiers/models/logistic_classifier/results/metrics_20250322_235226.json
2025-03-22 23:52:26,866 - INFO - Saved confusion matrix plot to /Users/noeflandre/Documents/[03] School/École d'ingénieur/3A/IIT Bombay/Courses/Medical Image Computing/Project/Adversarial-Attacks-on-Medical-Images-Classifiers/models/logistic_classifier/results/confusion_matrix_20250322_235226.png
2025-03-22 23:52:26,906 - INFO - Saved ROC curve plot to /Users/noeflandre/Documents/[03] School/École d'ingénieur/3A/IIT Bombay/Courses/Medical Image Computing/Project/Adversarial-Attacks-on-Medical-Images-Classifiers/models/logistic_classifier/results/roc_curve_20250322_235226.png
2025-03-22 23:52:26,919 - INFO - Model and metrics saved to /Users/noeflandre/Documents/[03] School/École d'ingénieur/3A/IIT Bombay/Courses/Medical Image Computing/Project/Adversarial-Attacks-on-Medical-Images-Classifiers/models/logistic_classifier/checkpoints/logistic_regression_model_20250322_235226.pth
2025-03-22 23:52:26,919 - INFO - 
Completed training and evaluation
