2025-03-22 20:42:31,896 - INFO - Logging initialized. Log file: /Users/noeflandre/Documents/[03] School/École d'ingénieur/3A/IIT Bombay/Courses/Medical Image Computing/Project/Adversarial-Attacks-on-Medical-Images-Classifiers/models/logistic_classifier/logs/logistic_classifier_20250322_204231.log
2025-03-22 20:42:31,896 - INFO - Starting Logistic Regression classifier training and evaluation
2025-03-22 20:42:31,896 - INFO - Loading datasets from data/
2025-03-22 20:42:33,896 - INFO - Training set size: 222019
2025-03-22 20:42:33,896 - INFO - Validation set size: 55505
2025-03-22 20:42:33,896 - INFO - Initializing Logistic Regression model
2025-03-22 20:42:33,939 - INFO - Using device: mps
2025-03-22 20:42:33,939 - INFO - Starting model training
2025-03-22 20:42:33,952 - INFO - Training with batch size: 64, learning rate: 0.001, epochs: 5
2025-03-22 20:44:06,078 - INFO - [Epoch 1/5] Loss: 0.5182
2025-03-22 20:45:34,766 - INFO - [Epoch 2/5] Loss: 0.4613
2025-03-22 20:47:03,352 - INFO - [Epoch 3/5] Loss: 0.4565
2025-03-22 20:48:33,172 - INFO - [Epoch 4/5] Loss: 0.4557
2025-03-22 20:50:04,235 - INFO - [Epoch 5/5] Loss: 0.4550
2025-03-22 20:50:04,677 - INFO - Saved training loss plot to /Users/noeflandre/Documents/[03] School/École d'ingénieur/3A/IIT Bombay/Courses/Medical Image Computing/Project/Adversarial-Attacks-on-Medical-Images-Classifiers/models/logistic_classifier/results/training_loss.png
2025-03-22 20:50:04,677 - INFO - Starting model evaluation on validation set
2025-03-22 20:50:04,678 - INFO - Evaluating model with batch size: 64
2025-03-22 20:50:27,833 - INFO - Evaluation results:
2025-03-22 20:50:27,833 - INFO -   - Accuracy: 0.7562
2025-03-22 20:50:27,834 - INFO -   - Precision: 0.6811
2025-03-22 20:50:27,834 - INFO -   - Recall: 0.2696
2025-03-22 20:50:27,834 - INFO -   - F1 Score: 0.3863
2025-03-22 20:50:27,834 - INFO -   - AUC: 0.7552
2025-03-22 20:50:27,834 - INFO -   - Confusion Matrix: 
[[37717  1994]
 [11536  4258]]
2025-03-22 20:50:27,836 - INFO - Saved metrics to /Users/noeflandre/Documents/[03] School/École d'ingénieur/3A/IIT Bombay/Courses/Medical Image Computing/Project/Adversarial-Attacks-on-Medical-Images-Classifiers/models/logistic_classifier/results/metrics_20250322_205027.json
2025-03-22 20:50:27,914 - INFO - Saved confusion matrix plot to /Users/noeflandre/Documents/[03] School/École d'ingénieur/3A/IIT Bombay/Courses/Medical Image Computing/Project/Adversarial-Attacks-on-Medical-Images-Classifiers/models/logistic_classifier/results/confusion_matrix_20250322_205027.png
2025-03-22 20:50:27,954 - INFO - Saved ROC curve plot to /Users/noeflandre/Documents/[03] School/École d'ingénieur/3A/IIT Bombay/Courses/Medical Image Computing/Project/Adversarial-Attacks-on-Medical-Images-Classifiers/models/logistic_classifier/results/roc_curve_20250322_205027.png
2025-03-22 20:50:27,963 - INFO - Model saved to /Users/noeflandre/Documents/[03] School/École d'ingénieur/3A/IIT Bombay/Courses/Medical Image Computing/Project/Adversarial-Attacks-on-Medical-Images-Classifiers/models/logistic_classifier/checkpoints/logistic_regression_model.pth
2025-03-22 20:50:27,963 - INFO - Completed training and evaluation
