2025-03-30 15:04:43,077 - INFO - Logging initialized. Log file: /Users/noeflandre/Documents/[03] School/École d'ingénieur/3A/IIT Bombay/Courses/Medical Image Computing/Project/Adversarial-Attacks-on-Medical-Images-Classifiers/models/mlp/logs/model_comparison.log/mlp_20250330_150443.log
2025-03-30 15:04:43,077 - INFO - Comparing models on device: mps
2025-03-30 15:04:43,077 - INFO - Standard model path: models/mlp/checkpoints/mlp_model_20250330_141814.pth
2025-03-30 15:04:43,077 - INFO - Adversarial model path: models/mlp/checkpoints/mlp_adversarial_eps0.05_mix0.5_20250330_145822.pth
2025-03-30 15:04:43,083 - INFO - Model parameters: 255,594 (0.26M)
2025-03-30 15:04:43,104 - INFO - Model parameters: 255,594 (0.26M)
2025-03-30 15:04:43,111 - INFO - Standard model: Standard trained
2025-03-30 15:04:43,111 - INFO - Adversarial model: Adversarially trained
2025-03-30 15:04:43,111 - INFO - Adversarial training parameters: epsilon=0.05, mix_ratio=0.5
2025-03-30 15:04:44,798 - INFO - Test dataset size: 55505
2025-03-30 15:05:20,748 - INFO - Clean accuracy - Standard model: 0.8121
2025-03-30 15:05:20,748 - INFO - Clean accuracy - Adversarial model: 0.7923
2025-03-30 15:05:20,748 - INFO - Evaluating FGSM attack with epsilon=0.01
2025-03-30 15:05:20,748 - INFO - Evaluating standard model against FGSM (ε=0.01)
2025-03-30 15:05:20,750 - INFO - Evaluating FGSM attack with epsilon=0.01
2025-03-30 15:05:41,906 - INFO - Attack evaluation results:
2025-03-30 15:05:41,906 - INFO -   - Clean Accuracy: 0.8121
2025-03-30 15:05:41,906 - INFO -   - Adversarial Accuracy: 0.6703
2025-03-30 15:05:41,906 - INFO -   - Attack Success Rate: 0.1419
2025-03-30 15:05:41,907 - INFO -   - Attack Success Rate (on correctly classified): 0.1419
2025-03-30 15:05:41,907 - INFO - Evaluating adversarial model against FGSM (ε=0.01)
2025-03-30 15:05:41,908 - INFO - Evaluating FGSM attack with epsilon=0.01
2025-03-30 15:06:02,715 - INFO - Attack evaluation results:
2025-03-30 15:06:02,715 - INFO -   - Clean Accuracy: 0.7923
2025-03-30 15:06:02,715 - INFO -   - Adversarial Accuracy: 0.7347
2025-03-30 15:06:02,715 - INFO -   - Attack Success Rate: 0.0577
2025-03-30 15:06:02,715 - INFO -   - Attack Success Rate (on correctly classified): 0.0576
2025-03-30 15:06:02,715 - INFO - Evaluating FGSM attack with epsilon=0.05
2025-03-30 15:06:02,716 - INFO - Evaluating standard model against FGSM (ε=0.05)
2025-03-30 15:06:02,716 - INFO - Evaluating FGSM attack with epsilon=0.05
2025-03-30 15:06:24,419 - INFO - Attack evaluation results:
2025-03-30 15:06:24,419 - INFO -   - Clean Accuracy: 0.8121
2025-03-30 15:06:24,420 - INFO -   - Adversarial Accuracy: 0.1719
2025-03-30 15:06:24,420 - INFO -   - Attack Success Rate: 0.6403
2025-03-30 15:06:24,420 - INFO -   - Attack Success Rate (on correctly classified): 0.6403
2025-03-30 15:06:24,420 - INFO - Evaluating adversarial model against FGSM (ε=0.05)
2025-03-30 15:06:24,420 - INFO - Evaluating FGSM attack with epsilon=0.05
2025-03-30 15:06:44,510 - INFO - Attack evaluation results:
2025-03-30 15:06:44,513 - INFO -   - Clean Accuracy: 0.7923
2025-03-30 15:06:44,513 - INFO -   - Adversarial Accuracy: 0.6566
2025-03-30 15:06:44,513 - INFO -   - Attack Success Rate: 0.1411
2025-03-30 15:06:44,513 - INFO -   - Attack Success Rate (on correctly classified): 0.1384
2025-03-30 15:06:44,513 - INFO - Evaluating FGSM attack with epsilon=0.1
2025-03-30 15:06:44,513 - INFO - Evaluating standard model against FGSM (ε=0.1)
2025-03-30 15:06:44,513 - INFO - Evaluating FGSM attack with epsilon=0.1
2025-03-30 15:07:03,869 - INFO - Attack evaluation results:
2025-03-30 15:07:03,870 - INFO -   - Clean Accuracy: 0.8121
2025-03-30 15:07:03,870 - INFO -   - Adversarial Accuracy: 0.1363
2025-03-30 15:07:03,870 - INFO -   - Attack Success Rate: 0.6759
2025-03-30 15:07:03,870 - INFO -   - Attack Success Rate (on correctly classified): 0.6758
2025-03-30 15:07:03,870 - INFO - Evaluating adversarial model against FGSM (ε=0.1)
2025-03-30 15:07:03,870 - INFO - Evaluating FGSM attack with epsilon=0.1
2025-03-30 15:07:23,517 - INFO - Attack evaluation results:
2025-03-30 15:07:23,518 - INFO -   - Clean Accuracy: 0.7923
2025-03-30 15:07:23,518 - INFO -   - Adversarial Accuracy: 0.5716
2025-03-30 15:07:23,518 - INFO -   - Attack Success Rate: 0.2323
2025-03-30 15:07:23,518 - INFO -   - Attack Success Rate (on correctly classified): 0.2265
2025-03-30 15:07:23,518 - INFO - Evaluating FGSM attack with epsilon=0.2
2025-03-30 15:07:23,518 - INFO - Evaluating standard model against FGSM (ε=0.2)
2025-03-30 15:07:23,519 - INFO - Evaluating FGSM attack with epsilon=0.2
2025-03-30 15:07:43,374 - INFO - Attack evaluation results:
2025-03-30 15:07:43,374 - INFO -   - Clean Accuracy: 0.8121
2025-03-30 15:07:43,374 - INFO -   - Adversarial Accuracy: 0.0387
2025-03-30 15:07:43,374 - INFO -   - Attack Success Rate: 0.7735
2025-03-30 15:07:43,374 - INFO -   - Attack Success Rate (on correctly classified): 0.7735
2025-03-30 15:07:43,374 - INFO - Evaluating adversarial model against FGSM (ε=0.2)
2025-03-30 15:07:43,375 - INFO - Evaluating FGSM attack with epsilon=0.2
2025-03-30 15:08:03,189 - INFO - Attack evaluation results:
2025-03-30 15:08:03,190 - INFO -   - Clean Accuracy: 0.7923
2025-03-30 15:08:03,190 - INFO -   - Adversarial Accuracy: 0.4136
2025-03-30 15:08:03,190 - INFO -   - Attack Success Rate: 0.4076
2025-03-30 15:08:03,190 - INFO -   - Attack Success Rate (on correctly classified): 0.3931
2025-03-30 15:08:03,190 - INFO - Results saved to /Users/noeflandre/Documents/[03] School/École d'ingénieur/3A/IIT Bombay/Courses/Medical Image Computing/Project/Adversarial-Attacks-on-Medical-Images-Classifiers/models/mlp/results/comparisons/model_comparison_20250330_150803.json
2025-03-30 15:08:03,361 - INFO - Comparison plot saved to /Users/noeflandre/Documents/[03] School/École d'ingénieur/3A/IIT Bombay/Courses/Medical Image Computing/Project/Adversarial-Attacks-on-Medical-Images-Classifiers/models/mlp/results/comparisons/model_comparison_plot_20250330_150803.png
