2025-04-02 20:39:03,016 - INFO - Logging initialized. Log file: /Users/noeflandre/Adversarial-Attacks-on-Medical-Images-Classifiers/models/mlp/logs/adversarial_attacks.log/mlp_20250402_203903.log
2025-04-02 20:39:03,016 - INFO - Running adversarial attack evaluation with device: mps
2025-04-02 20:39:03,016 - INFO - Loading dataset from data/
2025-04-02 20:39:04,211 - INFO - Test dataset size: 55505
2025-04-02 20:39:04,224 - INFO - Model parameters: 255,594 (0.26M)
2025-04-02 20:39:04,224 - INFO - Loading model checkpoint from models/mlp/checkpoints/mlp_model_20250330_141814.pth
2025-04-02 20:39:04,255 - INFO - Running FGSM attack with epsilon=0.01
2025-04-02 20:39:04,259 - INFO - Evaluating FGSM attack with epsilon=0.01
2025-04-02 20:39:42,420 - INFO - Attack evaluation results:
2025-04-02 20:39:42,421 - INFO -   - Clean Accuracy: 0.8121
2025-04-02 20:39:42,421 - INFO -   - Adversarial Accuracy: 0.6703
2025-04-02 20:39:42,421 - INFO -   - Attack Success Rate: 0.1419
2025-04-02 20:39:42,421 - INFO -   - Attack Success Rate (on correctly classified): 0.1419
2025-04-02 20:39:42,422 - INFO - Saved metrics to /Users/noeflandre/Adversarial-Attacks-on-Medical-Images-Classifiers/models/mlp/results/adversarial/FGSM_metrics_eps0.01_20250402_203942.json
2025-04-02 20:39:42,896 - INFO - Saved adversarial examples visualization to /Users/noeflandre/Adversarial-Attacks-on-Medical-Images-Classifiers/models/mlp/results/adversarial/FGSM_examples_eps0.01_20250402_203942.png
2025-04-02 20:39:42,899 - INFO - Running FGSM attack with epsilon=0.05
2025-04-02 20:39:42,910 - INFO - Evaluating FGSM attack with epsilon=0.05
2025-04-02 20:40:12,338 - INFO - Attack evaluation results:
2025-04-02 20:40:12,339 - INFO -   - Clean Accuracy: 0.8121
2025-04-02 20:40:12,339 - INFO -   - Adversarial Accuracy: 0.1719
2025-04-02 20:40:12,339 - INFO -   - Attack Success Rate: 0.6403
2025-04-02 20:40:12,339 - INFO -   - Attack Success Rate (on correctly classified): 0.6403
2025-04-02 20:40:12,340 - INFO - Saved metrics to /Users/noeflandre/Adversarial-Attacks-on-Medical-Images-Classifiers/models/mlp/results/adversarial/FGSM_metrics_eps0.05_20250402_204012.json
2025-04-02 20:40:12,628 - INFO - Saved adversarial examples visualization to /Users/noeflandre/Adversarial-Attacks-on-Medical-Images-Classifiers/models/mlp/results/adversarial/FGSM_examples_eps0.05_20250402_204012.png
2025-04-02 20:40:12,629 - INFO - Running FGSM attack with epsilon=0.1
2025-04-02 20:40:12,631 - INFO - Evaluating FGSM attack with epsilon=0.1
2025-04-02 20:40:36,183 - INFO - Attack evaluation results:
2025-04-02 20:40:36,184 - INFO -   - Clean Accuracy: 0.8121
2025-04-02 20:40:36,184 - INFO -   - Adversarial Accuracy: 0.1363
2025-04-02 20:40:36,184 - INFO -   - Attack Success Rate: 0.6759
2025-04-02 20:40:36,184 - INFO -   - Attack Success Rate (on correctly classified): 0.6758
2025-04-02 20:40:36,184 - INFO - Saved metrics to /Users/noeflandre/Adversarial-Attacks-on-Medical-Images-Classifiers/models/mlp/results/adversarial/FGSM_metrics_eps0.1_20250402_204036.json
2025-04-02 20:40:36,361 - INFO - Saved adversarial examples visualization to /Users/noeflandre/Adversarial-Attacks-on-Medical-Images-Classifiers/models/mlp/results/adversarial/FGSM_examples_eps0.1_20250402_204036.png
2025-04-02 20:40:36,362 - INFO - Running FGSM attack with epsilon=0.2
2025-04-02 20:40:36,364 - INFO - Evaluating FGSM attack with epsilon=0.2
2025-04-02 20:40:59,108 - INFO - Attack evaluation results:
2025-04-02 20:40:59,108 - INFO -   - Clean Accuracy: 0.8121
2025-04-02 20:40:59,108 - INFO -   - Adversarial Accuracy: 0.0387
2025-04-02 20:40:59,108 - INFO -   - Attack Success Rate: 0.7735
2025-04-02 20:40:59,108 - INFO -   - Attack Success Rate (on correctly classified): 0.7735
2025-04-02 20:40:59,109 - INFO - Saved metrics to /Users/noeflandre/Adversarial-Attacks-on-Medical-Images-Classifiers/models/mlp/results/adversarial/FGSM_metrics_eps0.2_20250402_204059.json
2025-04-02 20:40:59,270 - INFO - Saved adversarial examples visualization to /Users/noeflandre/Adversarial-Attacks-on-Medical-Images-Classifiers/models/mlp/results/adversarial/FGSM_examples_eps0.2_20250402_204059.png
