2025-03-29 18:00:32,334 - INFO - Logging initialized. Log file: /Users/noeflandre/Documents/[03] School/École d'ingénieur/3A/IIT Bombay/Courses/Medical Image Computing/Project/Adversarial-Attacks-on-Medical-Images-Classifiers/models/lenet/logs/adversarial_attacks.log/lenet_20250329_180032.log
2025-03-29 18:00:32,334 - INFO - Running adversarial attack evaluation with device: mps
2025-03-29 18:00:32,334 - INFO - Loading dataset from data/
2025-03-29 18:00:34,005 - INFO - Test dataset size: 55505
2025-03-29 18:00:34,019 - INFO - Loading latest model checkpoint from /Users/noeflandre/Documents/[03] School/École d'ingénieur/3A/IIT Bombay/Courses/Medical Image Computing/Project/Adversarial-Attacks-on-Medical-Images-Classifiers/models/lenet/checkpoints/lenet_model_final_20250329_173143.pth
2025-03-29 18:00:34,035 - INFO - Running FGSM attack with epsilon=0.01
2025-03-29 18:00:34,036 - INFO - Evaluating FGSM attack with epsilon=0.01
2025-03-29 18:01:06,109 - INFO - Attack evaluation results:
2025-03-29 18:01:06,110 - INFO -   - Clean Accuracy: 0.8476
2025-03-29 18:01:06,110 - INFO -   - Adversarial Accuracy: 0.2329
2025-03-29 18:01:06,110 - INFO -   - Attack Success Rate: 0.6147
2025-03-29 18:01:06,110 - INFO -   - Attack Success Rate (on correctly classified): 0.6147
2025-03-29 18:01:06,110 - INFO - Saved metrics to /Users/noeflandre/Documents/[03] School/École d'ingénieur/3A/IIT Bombay/Courses/Medical Image Computing/Project/Adversarial-Attacks-on-Medical-Images-Classifiers/models/lenet/results/adversarial/FGSM_metrics_eps0.01_20250329_180106.json
2025-03-29 18:01:06,355 - INFO - Saved adversarial examples visualization to /Users/noeflandre/Documents/[03] School/École d'ingénieur/3A/IIT Bombay/Courses/Medical Image Computing/Project/Adversarial-Attacks-on-Medical-Images-Classifiers/models/lenet/results/adversarial/FGSM_examples_eps0.01_20250329_180106.png
2025-03-29 18:01:06,356 - INFO - Running FGSM attack with epsilon=0.05
2025-03-29 18:01:06,357 - INFO - Evaluating FGSM attack with epsilon=0.05
2025-03-29 18:01:35,858 - INFO - Attack evaluation results:
2025-03-29 18:01:35,858 - INFO -   - Clean Accuracy: 0.8476
2025-03-29 18:01:35,858 - INFO -   - Adversarial Accuracy: 0.0152
2025-03-29 18:01:35,858 - INFO -   - Attack Success Rate: 0.8324
2025-03-29 18:01:35,858 - INFO -   - Attack Success Rate (on correctly classified): 0.8324
2025-03-29 18:01:35,858 - INFO - Saved metrics to /Users/noeflandre/Documents/[03] School/École d'ingénieur/3A/IIT Bombay/Courses/Medical Image Computing/Project/Adversarial-Attacks-on-Medical-Images-Classifiers/models/lenet/results/adversarial/FGSM_metrics_eps0.05_20250329_180135.json
2025-03-29 18:01:36,046 - INFO - Saved adversarial examples visualization to /Users/noeflandre/Documents/[03] School/École d'ingénieur/3A/IIT Bombay/Courses/Medical Image Computing/Project/Adversarial-Attacks-on-Medical-Images-Classifiers/models/lenet/results/adversarial/FGSM_examples_eps0.05_20250329_180135.png
2025-03-29 18:01:36,047 - INFO - Running FGSM attack with epsilon=0.1
2025-03-29 18:01:36,047 - INFO - Evaluating FGSM attack with epsilon=0.1
2025-03-29 18:02:07,452 - INFO - Attack evaluation results:
2025-03-29 18:02:07,452 - INFO -   - Clean Accuracy: 0.8476
2025-03-29 18:02:07,452 - INFO -   - Adversarial Accuracy: 0.0086
2025-03-29 18:02:07,452 - INFO -   - Attack Success Rate: 0.8391
2025-03-29 18:02:07,452 - INFO -   - Attack Success Rate (on correctly classified): 0.8390
2025-03-29 18:02:07,453 - INFO - Saved metrics to /Users/noeflandre/Documents/[03] School/École d'ingénieur/3A/IIT Bombay/Courses/Medical Image Computing/Project/Adversarial-Attacks-on-Medical-Images-Classifiers/models/lenet/results/adversarial/FGSM_metrics_eps0.1_20250329_180207.json
2025-03-29 18:02:07,586 - INFO - Saved adversarial examples visualization to /Users/noeflandre/Documents/[03] School/École d'ingénieur/3A/IIT Bombay/Courses/Medical Image Computing/Project/Adversarial-Attacks-on-Medical-Images-Classifiers/models/lenet/results/adversarial/FGSM_examples_eps0.1_20250329_180207.png
2025-03-29 18:02:07,586 - INFO - Running FGSM attack with epsilon=0.2
2025-03-29 18:02:07,587 - INFO - Evaluating FGSM attack with epsilon=0.2
2025-03-29 18:02:36,646 - INFO - Attack evaluation results:
2025-03-29 18:02:36,647 - INFO -   - Clean Accuracy: 0.8476
2025-03-29 18:02:36,647 - INFO -   - Adversarial Accuracy: 0.0197
2025-03-29 18:02:36,647 - INFO -   - Attack Success Rate: 0.8420
2025-03-29 18:02:36,647 - INFO -   - Attack Success Rate (on correctly classified): 0.8349
2025-03-29 18:02:36,647 - INFO - Saved metrics to /Users/noeflandre/Documents/[03] School/École d'ingénieur/3A/IIT Bombay/Courses/Medical Image Computing/Project/Adversarial-Attacks-on-Medical-Images-Classifiers/models/lenet/results/adversarial/FGSM_metrics_eps0.2_20250329_180236.json
2025-03-29 18:02:36,777 - INFO - Saved adversarial examples visualization to /Users/noeflandre/Documents/[03] School/École d'ingénieur/3A/IIT Bombay/Courses/Medical Image Computing/Project/Adversarial-Attacks-on-Medical-Images-Classifiers/models/lenet/results/adversarial/FGSM_examples_eps0.2_20250329_180236.png
